<?xml version="1.0" encoding="UTF-8"?>
<!-- Generated by org.testng.reporters.JUnitXMLReporter -->
<testsuite hostname="SUNNY-PC" name="Test" tests="1" failures="0" timestamp="14 Aug 2016 11:44:45 GMT" time="0.031" errors="0">
  <testcase name="@BeforeClass OpenBrowser" time="0.0" classname="TestWg.test">
    <failure type="org.testng.TestNGException" message="
Parameter &amp;apos;browser&amp;apos; is required by @Configuration on method OpenBrowser but has not been marked @Optional or defined
in C:\Users\SUNNY\workspace\FrameWorkDataDriven\testng.xml">
      <![CDATA[org.testng.TestNGException: 
Parameter 'browser' is required by @Configuration on method OpenBrowser but has not been marked @Optional or defined
in C:\Users\SUNNY\workspace\FrameWorkDataDriven\testng.xml
... Removed 20 stack frames]]>
    </failure>
  </testcase> <!-- @BeforeClass OpenBrowser -->
  <testcase name="@AfterClass teardown" time="0.0" classname="TestWg.test">
    <skipped/>
  </testcase> <!-- @AfterClass teardown -->
  <testcase name="clickButtonFeelingLucky" time="0.016" classname="TestWg.test">
    <skipped/>
  </testcase> <!-- clickButtonFeelingLucky -->
</testsuite> <!-- Test -->
